[2026-03-05 00:03:42] [WARNING] Missing packages: wehoop 
[2026-03-05 00:03:42] [WARNING] Install: install.packages(c('tidyverse','duckdb','DBI','lubridate','janitor','glue','fs','slider','quarto','gt','wehoop')) 
[2026-03-05 00:03:42] [INFO] === WAIMS-R MONITORING SYSTEM v1.1.0 === 
[2026-03-05 00:03:42] [INFO] Root: C:/GitHub/waims-r-production/reports 
[2026-03-05 00:03:42] [INFO] Database: C:/GitHub/waims-r-production/reports/warehouse/waims.duckdb 
[2026-03-05 00:03:42] [INFO] Season: 2026 | Start: 2026-05-09 
[2026-03-05 00:03:42] [INFO] === THRESHOLDS (Evidence-Based) === 
[2026-03-05 00:03:42] [INFO] Sleep critical: <6 hrs [Tier 1 — Watson 2020, Saw 2016] 
[2026-03-05 00:03:42] [INFO] CMJ drop yellow: -8% from baseline [Tier 1 — Cormack 2008, Labban 2024] 
[2026-03-05 00:03:42] [INFO] Asymmetry red: >15% [Tier 2 — Bishop 2018] 
[2026-03-05 00:03:42] [INFO] ACWR: CONTEXTUAL FLAG ONLY — not scored [Impellizzeri 2020, 2025 MA] 
[2026-03-05 00:03:42] [INFO]   Display zones: 0.8–1.3 optimal | >1.5 flag 
[2026-03-05 00:03:42] [INFO] === SYSTEM READY === 
[2026-03-05 00:14:45] [WARNING] Missing packages: wehoop 
[2026-03-05 00:14:45] [WARNING] Install: install.packages(c('tidyverse','duckdb','DBI','lubridate','janitor','glue','fs','slider','quarto','gt','wehoop')) 
[2026-03-05 00:14:45] [INFO] === WAIMS-R MONITORING SYSTEM v1.1.0 === 
[2026-03-05 00:14:45] [INFO] Root: C:/GitHub/waims-r-production/reports 
[2026-03-05 00:14:45] [INFO] Database: C:/GitHub/waims-r-production/reports/warehouse/waims.duckdb 
[2026-03-05 00:14:45] [INFO] Season: 2026 | Start: 2026-05-09 
[2026-03-05 00:14:45] [INFO] === THRESHOLDS (Evidence-Based) === 
[2026-03-05 00:14:45] [INFO] Sleep critical: <6 hrs [Tier 1 — Watson 2020, Saw 2016] 
[2026-03-05 00:14:45] [INFO] CMJ drop yellow: -8% from baseline [Tier 1 — Cormack 2008, Labban 2024] 
[2026-03-05 00:14:45] [INFO] Asymmetry red: >15% [Tier 2 — Bishop 2018] 
[2026-03-05 00:14:45] [INFO] ACWR: CONTEXTUAL FLAG ONLY — not scored [Impellizzeri 2020, 2025 MA] 
[2026-03-05 00:14:45] [INFO]   Display zones: 0.8–1.3 optimal | >1.5 flag 
[2026-03-05 00:14:45] [INFO] === SYSTEM READY === 
[2026-03-05 00:15:28] [WARNING] Missing packages: wehoop 
[2026-03-05 00:15:28] [WARNING] Install: install.packages(c('tidyverse','duckdb','DBI','lubridate','janitor','glue','fs','slider','quarto','gt','wehoop')) 
[2026-03-05 00:15:28] [INFO] === WAIMS-R MONITORING SYSTEM v1.1.0 === 
[2026-03-05 00:15:28] [INFO] Root: C:/GitHub/waims-r-production/reports 
[2026-03-05 00:15:28] [INFO] Database: C:/GitHub/waims-r-production/reports/warehouse/waims.duckdb 
[2026-03-05 00:15:28] [INFO] Season: 2026 | Start: 2026-05-09 
[2026-03-05 00:15:28] [INFO] === THRESHOLDS (Evidence-Based) === 
[2026-03-05 00:15:28] [INFO] Sleep critical: <6 hrs [Tier 1 — Watson 2020, Saw 2016] 
[2026-03-05 00:15:28] [INFO] CMJ drop yellow: -8% from baseline [Tier 1 — Cormack 2008, Labban 2024] 
[2026-03-05 00:15:28] [INFO] Asymmetry red: >15% [Tier 2 — Bishop 2018] 
[2026-03-05 00:15:28] [INFO] ACWR: CONTEXTUAL FLAG ONLY — not scored [Impellizzeri 2020, 2025 MA] 
[2026-03-05 00:15:28] [INFO]   Display zones: 0.8–1.3 optimal | >1.5 flag 
[2026-03-05 00:15:28] [INFO] === SYSTEM READY === 
